
PLAY [Checking with_items and Netsed_items] ********************************************************************************

TASK [debug loops in normal way] *******************************************************************************************
ok: [192.168.140.129] => {
    "msg": [
        [
            "a", 
            "b", 
            "c", 
            "d"
        ], 
        [
            1, 
            2, 
            3, 
            4
        ]
    ]
}

TASK [debug loops in with_together method] *********************************************************************************
ok: [192.168.140.129] => (item=[u'a', 1]) => {
    "msg": [
        "a", 
        "1"
    ]
}
ok: [192.168.140.129] => (item=[u'b', 2]) => {
    "msg": [
        "b", 
        "2"
    ]
}
ok: [192.168.140.129] => (item=[u'c', 3]) => {
    "msg": [
        "c", 
        "3"
    ]
}
ok: [192.168.140.129] => (item=[u'd', 4]) => {
    "msg": [
        "d", 
        "4"
    ]
}

TASK [debug loops in with_items method] ************************************************************************************
ok: [192.168.140.129] => (item=a) => {
    "msg": [
        "a"
    ]
}
ok: [192.168.140.129] => (item=b) => {
    "msg": [
        "b"
    ]
}
ok: [192.168.140.129] => (item=c) => {
    "msg": [
        "c"
    ]
}
ok: [192.168.140.129] => (item=d) => {
    "msg": [
        "d"
    ]
}
ok: [192.168.140.129] => (item=1) => {
    "msg": [
        1
    ]
}
ok: [192.168.140.129] => (item=2) => {
    "msg": [
        2
    ]
}
ok: [192.168.140.129] => (item=3) => {
    "msg": [
        3
    ]
}
ok: [192.168.140.129] => (item=4) => {
    "msg": [
        4
    ]
}

TASK [debug loops in with_nested method] ***********************************************************************************
ok: [192.168.140.129] => (item=[u'a', 1]) => {
    "msg": [
        "a", 
        "1"
    ]
}
ok: [192.168.140.129] => (item=[u'a', 2]) => {
    "msg": [
        "a", 
        "2"
    ]
}
ok: [192.168.140.129] => (item=[u'a', 3]) => {
    "msg": [
        "a", 
        "3"
    ]
}
ok: [192.168.140.129] => (item=[u'a', 4]) => {
    "msg": [
        "a", 
        "4"
    ]
}
ok: [192.168.140.129] => (item=[u'b', 1]) => {
    "msg": [
        "b", 
        "1"
    ]
}
ok: [192.168.140.129] => (item=[u'b', 2]) => {
    "msg": [
        "b", 
        "2"
    ]
}
ok: [192.168.140.129] => (item=[u'b', 3]) => {
    "msg": [
        "b", 
        "3"
    ]
}
ok: [192.168.140.129] => (item=[u'b', 4]) => {
    "msg": [
        "b", 
        "4"
    ]
}
ok: [192.168.140.129] => (item=[u'c', 1]) => {
    "msg": [
        "c", 
        "1"
    ]
}
ok: [192.168.140.129] => (item=[u'c', 2]) => {
    "msg": [
        "c", 
        "2"
    ]
}
ok: [192.168.140.129] => (item=[u'c', 3]) => {
    "msg": [
        "c", 
        "3"
    ]
}
ok: [192.168.140.129] => (item=[u'c', 4]) => {
    "msg": [
        "c", 
        "4"
    ]
}
ok: [192.168.140.129] => (item=[u'd', 1]) => {
    "msg": [
        "d", 
        "1"
    ]
}
ok: [192.168.140.129] => (item=[u'd', 2]) => {
    "msg": [
        "d", 
        "2"
    ]
}
ok: [192.168.140.129] => (item=[u'd', 3]) => {
    "msg": [
        "d", 
        "3"
    ]
}
ok: [192.168.140.129] => (item=[u'd', 4]) => {
    "msg": [
        "d", 
        "4"
    ]
}

TASK [Directly use Loop] ***************************************************************************************************
ok: [192.168.140.129] => (item=1) => {
    "msg": "loop value is: 1"
}
ok: [192.168.140.129] => (item=2) => {
    "msg": "loop value is: 2"
}
ok: [192.168.140.129] => (item=3) => {
    "msg": "loop value is: 3"
}
ok: [192.168.140.129] => (item=4) => {
    "msg": "loop value is: 4"
}
ok: [192.168.140.129] => (item=5) => {
    "msg": "loop value is: 5"
}

TASK [Checking with_sequence] **********************************************************************************************
ok: [192.168.140.129] => (item=1) => {
    "msg": "Print sequence: 1"
}
ok: [192.168.140.129] => (item=2) => {
    "msg": "Print sequence: 2"
}
ok: [192.168.140.129] => (item=3) => {
    "msg": "Print sequence: 3"
}
ok: [192.168.140.129] => (item=4) => {
    "msg": "Print sequence: 4"
}
ok: [192.168.140.129] => (item=5) => {
    "msg": "Print sequence: 5"
}

TASK [Until loop] **********************************************************************************************************
FAILED - RETRYING: Until loop (5 retries left).
FAILED - RETRYING: Until loop (4 retries left).
FAILED - RETRYING: Until loop (3 retries left).
FAILED - RETRYING: Until loop (2 retries left).
FAILED - RETRYING: Until loop (1 retries left).
fatal: [192.168.140.129]: FAILED! => {"attempts": 5, "changed": true, "cmd": "/test.sh", "delta": "0:00:00.010222", "end": "2021-10-18 12:47:14.529034", "msg": "non-zero return code", "rc": 127, "start": "2021-10-18 12:47:14.518812", "stderr": "/bin/sh: /test.sh: No such file or directory", "stderr_lines": ["/bin/sh: /test.sh: No such file or directory"], "stdout": "", "stdout_lines": []}
...ignoring

TASK [loop_var testing] ****************************************************************************************************
ok: [192.168.140.129] => (item=a) => {
    "msg": "Instead of item we are calling loop_vars: a"
}
ok: [192.168.140.129] => (item=b) => {
    "msg": "Instead of item we are calling loop_vars: b"
}

PLAY RECAP *****************************************************************************************************************
192.168.140.129            : ok=8    changed=1    unreachable=0    failed=0    skipped=0    rescued=0    ignored=1   

